  [4;36;1mSQL (0.1ms)[0m   [0;1mSET client_min_messages TO 'panic'[0m
  [4;35;1mSQL (0.1ms)[0m   [0mSET standard_conforming_strings = on[0m
  [4;36;1mSQL (0.0ms)[0m   [0;1mSET client_min_messages TO 'notice'[0m
  [4;35;1mSQL (18.2ms)[0m   [0mCREATE TABLE "schema_migrations" ("version" character varying(255) NOT NULL) [0m
  [4;36;1mSQL (42.4ms)[0m   [0;1mCREATE UNIQUE INDEX "unique_schema_migrations" ON "schema_migrations" ("version")[0m
  [4;35;1mSQL (0.2ms)[0m   [0mSELECT version FROM schema_migrations[0m
Migrating to CreateArticles (20150412041722)
  [4;36;1mSQL (0.1ms)[0m   [0;1mBEGIN[0m
  [4;35;1mSQL (75.9ms)[0m   [0mCREATE TABLE "articles" ("id" serial primary key, "title" character varying(255), "article" text, "created_at" timestamp, "updated_at" timestamp) [0m
  [4;36;1mSQL (0.3ms)[0m   [0;1mINSERT INTO schema_migrations (version) VALUES ('20150412041722')[0m
  [4;35;1mSQL (15.7ms)[0m   [0mCOMMIT[0m
  [4;36;1mSQL (0.2ms)[0m   [0;1mSELECT version FROM schema_migrations[0m
  [4;36;1mSQL (0.1ms)[0m   [0;1mSET client_min_messages TO 'panic'[0m
  [4;35;1mSQL (0.1ms)[0m   [0mSET standard_conforming_strings = on[0m
  [4;36;1mSQL (0.0ms)[0m   [0;1mSET client_min_messages TO 'notice'[0m


Processing ArticlesController#index (for 127.0.0.1 at 2015-04-11 23:43:51) [GET]
  [4;35;1mArticle Load (0.6ms)[0m   [0mSELECT * FROM "articles" [0m
Rendering template within layouts/articles
Rendering articles/index
Completed in 35ms (View: 29, DB: 1) | 200 OK [http://localhost/articles]
  [4;36;1mSQL (0.1ms)[0m   [0;1mSET client_min_messages TO 'panic'[0m
  [4;35;1mSQL (0.1ms)[0m   [0mSET standard_conforming_strings = on[0m
  [4;36;1mSQL (0.1ms)[0m   [0;1mSET client_min_messages TO 'notice'[0m


Processing ArticlesController#new (for 127.0.0.1 at 2015-04-11 23:43:59) [GET]
Rendering template within layouts/articles
Rendering articles/new
Completed in 14ms (View: 10, DB: 0) | 200 OK [http://localhost/articles/new]
  [4;35;1mSQL (0.1ms)[0m   [0mSET client_min_messages TO 'panic'[0m
  [4;36;1mSQL (0.1ms)[0m   [0;1mSET standard_conforming_strings = on[0m
  [4;35;1mSQL (0.1ms)[0m   [0mSET client_min_messages TO 'notice'[0m


Processing ArticlesController#create (for 127.0.0.1 at 2015-04-11 23:44:10) [POST]
  Parameters: {"authenticity_token"=>"9a9vyPXv0OdleN72WTG/j2ULupHRaVH443/6u7s8U9Y=", "commit"=>"Create", "article"=>{"title"=>"test", "article"=>"test article"}}
  [4;36;1mSQL (0.1ms)[0m   [0;1mBEGIN[0m
  [4;35;1mSQL (0.5ms)[0m   [0mINSERT INTO "articles" ("title", "updated_at", "created_at", "article") VALUES('test', '2015-04-12 04:44:10.758117', '2015-04-12 04:44:10.758117', 'test article') RETURNING "id"[0m
  [4;36;1mSQL (57.2ms)[0m   [0;1mCOMMIT[0m
Redirected to http://localhost:3000/articles/1
Completed in 68ms (DB: 58) | 302 Found [http://localhost/articles]
  [4;35;1mSQL (0.1ms)[0m   [0mSET client_min_messages TO 'panic'[0m
  [4;36;1mSQL (0.1ms)[0m   [0;1mSET standard_conforming_strings = on[0m
  [4;35;1mSQL (0.1ms)[0m   [0mSET client_min_messages TO 'notice'[0m


Processing ArticlesController#show (for 127.0.0.1 at 2015-04-11 23:44:10) [GET]
  Parameters: {"id"=>"1"}
  [4;36;1mArticle Load (0.4ms)[0m   [0;1mSELECT * FROM "articles" WHERE ("articles"."id" = 1) [0m
Rendering template within layouts/articles
Rendering articles/show
Completed in 9ms (View: 4, DB: 1) | 200 OK [http://localhost/articles/1]
  [4;35;1mSQL (0.1ms)[0m   [0mSET client_min_messages TO 'panic'[0m
  [4;36;1mSQL (0.1ms)[0m   [0;1mSET standard_conforming_strings = on[0m
  [4;35;1mSQL (0.0ms)[0m   [0mSET client_min_messages TO 'notice'[0m


Processing ArticlesController#index (for 127.0.0.1 at 2015-04-11 23:44:18) [GET]
  [4;36;1mArticle Load (1.0ms)[0m   [0;1mSELECT * FROM "articles" [0m
Rendering template within layouts/articles
Rendering articles/index
Completed in 18ms (View: 10, DB: 1) | 200 OK [http://localhost/articles/]
